# JRE version: OpenJDK Runtime Environment (17.0+35) (build 17+35-Ubuntu-120.04)
# Java VM: OpenJDK 64-Bit Server VM (17+35-Ubuntu-120.04, mixed mode, sharing, tiered, compressed oops, compressed class ptrs, g1 gc, linux-amd64)
GC Precious Log:
 CPUs: 8 total, 8 available
 Memory: 64183M
 Large Page Support: Disabled
 NUMA Support: Disabled
 Compressed Oops: Enabled (Zero based)
 Heap Region Size: 8M
 Heap Min Capacity: 8M
 Heap Initial Capacity: 1008M
 Heap Max Capacity: 16048M
 Pre-touch: Disabled
 Parallel Workers: 8
 Concurrent Workers: 2
 Concurrent Refinement Workers: 8
 Periodic GC: Disabled
Heap:
 garbage-first heap   total 598016K, used 343968K [0x0000000415000000, 0x0000000800000000)
  region size 8192K, 39 young (319488K), 3 survivors (24576K)
 Metaspace       used 33896K, committed 34304K, reserved 1081344K
  class space    used 3878K, committed 4032K, reserved 1048576K
GC Heap History (14 events):
Event: 0,542 GC heap before
{Heap before GC invocations=0 (full 0):
 garbage-first heap   total 1048576K, used 57312K [0x0000000415000000, 0x0000000800000000)
  region size 8192K, 6 young (49152K), 0 survivors (0K)
 Metaspace       used 8947K, committed 9088K, reserved 1064960K
  class space    used 1100K, committed 1152K, reserved 1048576K
}
Event: 0,545 GC heap after
{Heap after GC invocations=1 (full 0):
 garbage-first heap   total 1048576K, used 12432K [0x0000000415000000, 0x0000000800000000)
  region size 8192K, 1 young (8192K), 1 survivors (8192K)
 Metaspace       used 8947K, committed 9088K, reserved 1064960K
  class space    used 1100K, committed 1152K, reserved 1048576K
}
Event: 0,872 GC heap before
{Heap before GC invocations=1 (full 0):
 garbage-first heap   total 1048576K, used 53392K [0x0000000415000000, 0x0000000800000000)
  region size 8192K, 6 young (49152K), 1 survivors (8192K)
 Metaspace       used 12338K, committed 12544K, reserved 1064960K
  class space    used 1454K, committed 1536K, reserved 1048576K
}
Event: 0,878 GC heap after
{Heap after GC invocations=2 (full 0):
 garbage-first heap   total 1048576K, used 18004K [0x0000000415000000, 0x0000000800000000)
  region size 8192K, 1 young (8192K), 1 survivors (8192K)
 Metaspace       used 12338K, committed 12544K, reserved 1064960K
  class space    used 1454K, committed 1536K, reserved 1048576K
}
Event: 1,219 GC heap before
{Heap before GC invocations=2 (full 0):
 garbage-first heap   total 1048576K, used 99924K [0x0000000415000000, 0x0000000800000000)
  region size 8192K, 11 young (90112K), 1 survivors (8192K)
 Metaspace       used 14458K, committed 14656K, reserved 1064960K
  class space    used 1615K, committed 1728K, reserved 1048576K
}
Event: 1,224 GC heap after
{Heap after GC invocations=3 (full 0):
 garbage-first heap   total 1048576K, used 21911K [0x0000000415000000, 0x0000000800000000)
  region size 8192K, 2 young (16384K), 2 survivors (16384K)
 Metaspace       used 14458K, committed 14656K, reserved 1064960K
  class space    used 1615K, committed 1728K, reserved 1048576K
}
Event: 1,473 GC heap before
{Heap before GC invocations=3 (full 0):
 garbage-first heap   total 1048576K, used 79255K [0x0000000415000000, 0x0000000800000000)
  region size 8192K, 10 young (81920K), 2 survivors (16384K)
 Metaspace       used 21281K, committed 21504K, reserved 1073152K
  class space    used 2443K, committed 2560K, reserved 1048576K
}
Event: 1,477 GC heap after
{Heap after GC invocations=4 (full 0):
 garbage-first heap   total 1048576K, used 27562K [0x0000000415000000, 0x0000000800000000)
  region size 8192K, 2 young (16384K), 2 survivors (16384K)
 Metaspace       used 21281K, committed 21504K, reserved 1073152K
  class space    used 2443K, committed 2560K, reserved 1048576K
}
Event: 1,790 GC heap before
{Heap before GC invocations=5 (full 0):
 garbage-first heap   total 163840K, used 109482K [0x0000000415000000, 0x0000000800000000)
  region size 8192K, 13 young (106496K), 2 survivors (16384K)
 Metaspace       used 23781K, committed 24128K, reserved 1073152K
  class space    used 2707K, committed 2880K, reserved 1048576K
}
Event: 1,800 GC heap after
{Heap after GC invocations=6 (full 0):
 garbage-first heap   total 163840K, used 38756K [0x0000000415000000, 0x0000000800000000)
  region size 8192K, 2 young (16384K), 2 survivors (16384K)
 Metaspace       used 23781K, committed 24128K, reserved 1073152K
  class space    used 2707K, committed 2880K, reserved 1048576K
}
Event: 1,835 GC heap before
{Heap before GC invocations=6 (full 0):
 garbage-first heap   total 163840K, used 46948K [0x0000000415000000, 0x0000000800000000)
  region size 8192K, 3 young (24576K), 2 survivors (16384K)
 Metaspace       used 24192K, committed 24576K, reserved 1073152K
  class space    used 2759K, committed 2944K, reserved 1048576K
}
Event: 1,846 GC heap after
{Heap after GC invocations=7 (full 0):
 garbage-first heap   total 598016K, used 41735K [0x0000000415000000, 0x0000000800000000)
  region size 8192K, 1 young (8192K), 1 survivors (8192K)
 Metaspace       used 24192K, committed 24576K, reserved 1073152K
  class space    used 2759K, committed 2944K, reserved 1048576K
}
Event: 2,273 GC heap before
{Heap before GC invocations=7 (full 0):
 garbage-first heap   total 598016K, used 189191K [0x0000000415000000, 0x0000000800000000)
  region size 8192K, 20 young (163840K), 1 survivors (8192K)
 Metaspace       used 26793K, committed 27200K, reserved 1073152K
  class space    used 3057K, committed 3264K, reserved 1048576K
}
Event: 2,279 GC heap after
{Heap after GC invocations=8 (full 0):
 garbage-first heap   total 598016K, used 57248K [0x0000000415000000, 0x0000000800000000)
  region size 8192K, 3 young (24576K), 3 survivors (24576K)
 Metaspace       used 26793K, committed 27200K, reserved 1073152K
  class space    used 3057K, committed 3264K, reserved 1048576K
}

